<?xml version="1.0" encoding="UTF-8"?>
<!-- Generated by org.testng.reporters.JUnitXMLReporter -->
<testsuite hostname="P2B-6C78NK2" ignored="0" name="Test" tests="2" failures="1" timestamp="09 Sep 2018 07:20:37 GMT" time="0.241" errors="0">
  <testcase name="Registration" time="0.022" classname="com.accenture.tests.MyTest">
    <failure type="java.lang.AssertionError" message="expected [true] but found [false]">
      <![CDATA[java.lang.AssertionError: expected [true] but found [false]
at com.accenture.tests.MyTest.Registration(MyTest.java:19)
... Removed 31 stack frames]]>
    </failure>
  </testcase> <!-- Registration -->
  <testcase name="loginTest" time="0.0" classname="com.accenture.tests.MyTest"/>
</testsuite> <!-- Test -->
